CRITICAL - 2023-01-09 00:37:07 --> Invalid file: categorias/categorias.php
in SYSTEMPATH\Exceptions\FrameworkException.php on line 33.
 1 SYSTEMPATH\View\View.php(201): CodeIgniter\Exceptions\FrameworkException::forInvalidFile('categorias/categorias.php')
 2 SYSTEMPATH\Common.php(1135): CodeIgniter\View\View->render('categorias/categorias', [], true)
 3 APPPATH\Controllers\Categorias.php(26): view('categorias/categorias', [...])
 4 SYSTEMPATH\CodeIgniter.php(925): App\Controllers\Categorias->index()
 5 SYSTEMPATH\CodeIgniter.php(480): CodeIgniter\CodeIgniter->runController(Object(App\Controllers\Categorias))
 6 SYSTEMPATH\CodeIgniter.php(349): CodeIgniter\CodeIgniter->handleRequest(null, Object(Config\Cache), false)
 7 FCPATH\index.php(67): CodeIgniter\CodeIgniter->run()
CRITICAL - 2023-01-09 11:38:07 --> Call to undefined method CodeIgniter\HTTP\IncomingRequest::getMetod()
in APPPATH\Controllers\Unidades.php on line 42.
 1 SYSTEMPATH\CodeIgniter.php(925): App\Controllers\Unidades->insertar()
 2 SYSTEMPATH\CodeIgniter.php(480): CodeIgniter\CodeIgniter->runController(Object(App\Controllers\Unidades))
 3 SYSTEMPATH\CodeIgniter.php(349): CodeIgniter\CodeIgniter->handleRequest(null, Object(Config\Cache), false)
 4 FCPATH\index.php(67): CodeIgniter\CodeIgniter->run()
CRITICAL - 2023-01-09 11:39:50 --> Call to undefined method CodeIgniter\HTTP\IncomingRequest::getMetod()
in APPPATH\Controllers\Unidades.php on line 42.
 1 SYSTEMPATH\CodeIgniter.php(925): App\Controllers\Unidades->insertar()
 2 SYSTEMPATH\CodeIgniter.php(480): CodeIgniter\CodeIgniter->runController(Object(App\Controllers\Unidades))
 3 SYSTEMPATH\CodeIgniter.php(349): CodeIgniter\CodeIgniter->handleRequest(null, Object(Config\Cache), false)
 4 FCPATH\index.php(67): CodeIgniter\CodeIgniter->run()
CRITICAL - 2023-01-09 18:06:32 --> Invalid file: productos/productos.php
in SYSTEMPATH\Exceptions\FrameworkException.php on line 33.
 1 SYSTEMPATH\View\View.php(201): CodeIgniter\Exceptions\FrameworkException::forInvalidFile('productos/productos.php')
 2 SYSTEMPATH\Common.php(1135): CodeIgniter\View\View->render('productos/productos', [], true)
 3 APPPATH\Controllers\Productos.php(26): view('productos/productos', [...])
 4 SYSTEMPATH\CodeIgniter.php(925): App\Controllers\Productos->index()
 5 SYSTEMPATH\CodeIgniter.php(480): CodeIgniter\CodeIgniter->runController(Object(App\Controllers\Productos))
 6 SYSTEMPATH\CodeIgniter.php(349): CodeIgniter\CodeIgniter->handleRequest(null, Object(Config\Cache), false)
 7 FCPATH\index.php(67): CodeIgniter\CodeIgniter->run()
ERROR - 2023-01-09 18:38:04 --> mysqli_sql_exception: Cannot add or update a child row: a foreign key constraint fails (`puntodeventa`.`productos_tb`, CONSTRAINT `fk_producto_unidad` FOREIGN KEY (`id_unidad`) REFERENCES `unidades_tb` (`id`)) in C:\xampp\htdocs\puntoventa\system\Database\MySQLi\Connection.php:292
Stack trace:
#0 C:\xampp\htdocs\puntoventa\system\Database\MySQLi\Connection.php(292): mysqli->query('INSERT INTO `pr...', 0)
#1 C:\xampp\htdocs\puntoventa\system\Database\BaseConnection.php(666): CodeIgniter\Database\MySQLi\Connection->execute('INSERT INTO `pr...')
#2 C:\xampp\htdocs\puntoventa\system\Database\BaseConnection.php(593): CodeIgniter\Database\BaseConnection->simpleQuery('INSERT INTO `pr...')
#3 C:\xampp\htdocs\puntoventa\system\Database\BaseBuilder.php(1916): CodeIgniter\Database\BaseConnection->query('INSERT INTO `pr...', Array, false)
#4 C:\xampp\htdocs\puntoventa\system\Model.php(303): CodeIgniter\Database\BaseBuilder->insert()
#5 C:\xampp\htdocs\puntoventa\system\BaseModel.php(750): CodeIgniter\Model->doInsert(Array)
#6 C:\xampp\htdocs\puntoventa\system\Model.php(695): CodeIgniter\BaseModel->insert(Array, false)
#7 C:\xampp\htdocs\puntoventa\system\BaseModel.php(660): CodeIgniter\Model->insert(Array, false)
#8 C:\xampp\htdocs\puntoventa\app\Controllers\Productos.php(62): CodeIgniter\BaseModel->save(Array)
#9 C:\xampp\htdocs\puntoventa\system\CodeIgniter.php(925): App\Controllers\Productos->insertar()
#10 C:\xampp\htdocs\puntoventa\system\CodeIgniter.php(480): CodeIgniter\CodeIgniter->runController(Object(App\Controllers\Productos))
#11 C:\xampp\htdocs\puntoventa\system\CodeIgniter.php(349): CodeIgniter\CodeIgniter->handleRequest(NULL, Object(Config\Cache), false)
#12 C:\xampp\htdocs\puntoventa\public\index.php(67): CodeIgniter\CodeIgniter->run()
#13 {main}
CRITICAL - 2023-01-09 18:38:04 --> Cannot add or update a child row: a foreign key constraint fails (`puntodeventa`.`productos_tb`, CONSTRAINT `fk_producto_unidad` FOREIGN KEY (`id_unidad`) REFERENCES `unidades_tb` (`id`))
in SYSTEMPATH\Database\MySQLi\Connection.php on line 292.
 1 SYSTEMPATH\Database\MySQLi\Connection.php(292): mysqli->query('INSERT INTO `productos_tb` (`nombre`, `precio_venta`, `precio_compra`, `stock_minimo`, `inventariable`, `fecha_alta`, `fecha_edit`) VALUES (\'Coca\', \'1200\', \'900\', \'10\', \'1\', \'2023-01-09 18:38:04\', \'2023-01-09 18:38:04\')', 0)
 2 SYSTEMPATH\Database\BaseConnection.php(666): CodeIgniter\Database\MySQLi\Connection->execute('INSERT INTO `productos_tb` (`nombre`, `precio_venta`, `precio_compra`, `stock_minimo`, `inventariable`, `fecha_alta`, `fecha_edit`) VALUES (\'Coca\', \'1200\', \'900\', \'10\', \'1\', \'2023-01-09 18:38:04\', \'2023-01-09 18:38:04\')')
 3 SYSTEMPATH\Database\BaseConnection.php(593): CodeIgniter\Database\BaseConnection->simpleQuery('INSERT INTO `productos_tb` (`nombre`, `precio_venta`, `precio_compra`, `stock_minimo`, `inventariable`, `fecha_alta`, `fecha_edit`) VALUES (\'Coca\', \'1200\', \'900\', \'10\', \'1\', \'2023-01-09 18:38:04\', \'2023-01-09 18:38:04\')')
 4 SYSTEMPATH\Database\BaseBuilder.php(1916): CodeIgniter\Database\BaseConnection->query('INSERT INTO `productos_tb` (`nombre`, `precio_venta`, `precio_compra`, `stock_minimo`, `inventariable`, `fecha_alta`, `fecha_edit`) VALUES (:nombre:, :precio_venta:, :precio_compra:, :stock_minimo:, :inventariable:, :fecha_alta:, :fecha_edit:)', [...], false)
 5 SYSTEMPATH\Model.php(303): CodeIgniter\Database\BaseBuilder->insert()
 6 SYSTEMPATH\BaseModel.php(750): CodeIgniter\Model->doInsert([...])
 7 SYSTEMPATH\Model.php(695): CodeIgniter\BaseModel->insert([...], false)
 8 SYSTEMPATH\BaseModel.php(660): CodeIgniter\Model->insert([...], false)
 9 APPPATH\Controllers\Productos.php(62): CodeIgniter\BaseModel->save([...])
10 SYSTEMPATH\CodeIgniter.php(925): App\Controllers\Productos->insertar()
11 SYSTEMPATH\CodeIgniter.php(480): CodeIgniter\CodeIgniter->runController(Object(App\Controllers\Productos))
12 SYSTEMPATH\CodeIgniter.php(349): CodeIgniter\CodeIgniter->handleRequest(null, Object(Config\Cache), false)
13 FCPATH\index.php(67): CodeIgniter\CodeIgniter->run()
ERROR - 2023-01-09 18:42:46 --> mysqli_sql_exception: Cannot add or update a child row: a foreign key constraint fails (`puntodeventa`.`productos_tb`, CONSTRAINT `fk_producto_unidad` FOREIGN KEY (`id_unidad`) REFERENCES `unidades_tb` (`id`)) in C:\xampp\htdocs\puntoventa\system\Database\MySQLi\Connection.php:292
Stack trace:
#0 C:\xampp\htdocs\puntoventa\system\Database\MySQLi\Connection.php(292): mysqli->query('INSERT INTO `pr...', 0)
#1 C:\xampp\htdocs\puntoventa\system\Database\BaseConnection.php(666): CodeIgniter\Database\MySQLi\Connection->execute('INSERT INTO `pr...')
#2 C:\xampp\htdocs\puntoventa\system\Database\BaseConnection.php(593): CodeIgniter\Database\BaseConnection->simpleQuery('INSERT INTO `pr...')
#3 C:\xampp\htdocs\puntoventa\system\Database\BaseBuilder.php(1916): CodeIgniter\Database\BaseConnection->query('INSERT INTO `pr...', Array, false)
#4 C:\xampp\htdocs\puntoventa\system\Model.php(303): CodeIgniter\Database\BaseBuilder->insert()
#5 C:\xampp\htdocs\puntoventa\system\BaseModel.php(750): CodeIgniter\Model->doInsert(Array)
#6 C:\xampp\htdocs\puntoventa\system\Model.php(695): CodeIgniter\BaseModel->insert(Array, false)
#7 C:\xampp\htdocs\puntoventa\system\BaseModel.php(660): CodeIgniter\Model->insert(Array, false)
#8 C:\xampp\htdocs\puntoventa\app\Controllers\Productos.php(62): CodeIgniter\BaseModel->save(Array)
#9 C:\xampp\htdocs\puntoventa\system\CodeIgniter.php(925): App\Controllers\Productos->insertar()
#10 C:\xampp\htdocs\puntoventa\system\CodeIgniter.php(480): CodeIgniter\CodeIgniter->runController(Object(App\Controllers\Productos))
#11 C:\xampp\htdocs\puntoventa\system\CodeIgniter.php(349): CodeIgniter\CodeIgniter->handleRequest(NULL, Object(Config\Cache), false)
#12 C:\xampp\htdocs\puntoventa\public\index.php(67): CodeIgniter\CodeIgniter->run()
#13 {main}
CRITICAL - 2023-01-09 18:42:46 --> Cannot add or update a child row: a foreign key constraint fails (`puntodeventa`.`productos_tb`, CONSTRAINT `fk_producto_unidad` FOREIGN KEY (`id_unidad`) REFERENCES `unidades_tb` (`id`))
in SYSTEMPATH\Database\MySQLi\Connection.php on line 292.
 1 SYSTEMPATH\Database\MySQLi\Connection.php(292): mysqli->query('INSERT INTO `productos_tb` (`nombre`, `precio_venta`, `precio_compra`, `stock_minimo`, `inventariable`, `fecha_alta`, `fecha_edit`) VALUES (\'Coca\', \'1200\', \'900\', \'10\', \'1\', \'2023-01-09 18:42:46\', \'2023-01-09 18:42:46\')', 0)
 2 SYSTEMPATH\Database\BaseConnection.php(666): CodeIgniter\Database\MySQLi\Connection->execute('INSERT INTO `productos_tb` (`nombre`, `precio_venta`, `precio_compra`, `stock_minimo`, `inventariable`, `fecha_alta`, `fecha_edit`) VALUES (\'Coca\', \'1200\', \'900\', \'10\', \'1\', \'2023-01-09 18:42:46\', \'2023-01-09 18:42:46\')')
 3 SYSTEMPATH\Database\BaseConnection.php(593): CodeIgniter\Database\BaseConnection->simpleQuery('INSERT INTO `productos_tb` (`nombre`, `precio_venta`, `precio_compra`, `stock_minimo`, `inventariable`, `fecha_alta`, `fecha_edit`) VALUES (\'Coca\', \'1200\', \'900\', \'10\', \'1\', \'2023-01-09 18:42:46\', \'2023-01-09 18:42:46\')')
 4 SYSTEMPATH\Database\BaseBuilder.php(1916): CodeIgniter\Database\BaseConnection->query('INSERT INTO `productos_tb` (`nombre`, `precio_venta`, `precio_compra`, `stock_minimo`, `inventariable`, `fecha_alta`, `fecha_edit`) VALUES (:nombre:, :precio_venta:, :precio_compra:, :stock_minimo:, :inventariable:, :fecha_alta:, :fecha_edit:)', [...], false)
 5 SYSTEMPATH\Model.php(303): CodeIgniter\Database\BaseBuilder->insert()
 6 SYSTEMPATH\BaseModel.php(750): CodeIgniter\Model->doInsert([...])
 7 SYSTEMPATH\Model.php(695): CodeIgniter\BaseModel->insert([...], false)
 8 SYSTEMPATH\BaseModel.php(660): CodeIgniter\Model->insert([...], false)
 9 APPPATH\Controllers\Productos.php(62): CodeIgniter\BaseModel->save([...])
10 SYSTEMPATH\CodeIgniter.php(925): App\Controllers\Productos->insertar()
11 SYSTEMPATH\CodeIgniter.php(480): CodeIgniter\CodeIgniter->runController(Object(App\Controllers\Productos))
12 SYSTEMPATH\CodeIgniter.php(349): CodeIgniter\CodeIgniter->handleRequest(null, Object(Config\Cache), false)
13 FCPATH\index.php(67): CodeIgniter\CodeIgniter->run()
ERROR - 2023-01-09 18:45:29 --> mysqli_sql_exception: Cannot add or update a child row: a foreign key constraint fails (`puntodeventa`.`productos_tb`, CONSTRAINT `fk_producto_unidad` FOREIGN KEY (`id_unidad`) REFERENCES `unidades_tb` (`id`)) in C:\xampp\htdocs\puntoventa\system\Database\MySQLi\Connection.php:292
Stack trace:
#0 C:\xampp\htdocs\puntoventa\system\Database\MySQLi\Connection.php(292): mysqli->query('INSERT INTO `pr...', 0)
#1 C:\xampp\htdocs\puntoventa\system\Database\BaseConnection.php(666): CodeIgniter\Database\MySQLi\Connection->execute('INSERT INTO `pr...')
#2 C:\xampp\htdocs\puntoventa\system\Database\BaseConnection.php(593): CodeIgniter\Database\BaseConnection->simpleQuery('INSERT INTO `pr...')
#3 C:\xampp\htdocs\puntoventa\system\Database\BaseBuilder.php(1916): CodeIgniter\Database\BaseConnection->query('INSERT INTO `pr...', Array, false)
#4 C:\xampp\htdocs\puntoventa\system\Model.php(303): CodeIgniter\Database\BaseBuilder->insert()
#5 C:\xampp\htdocs\puntoventa\system\BaseModel.php(750): CodeIgniter\Model->doInsert(Array)
#6 C:\xampp\htdocs\puntoventa\system\Model.php(695): CodeIgniter\BaseModel->insert(Array, false)
#7 C:\xampp\htdocs\puntoventa\system\BaseModel.php(660): CodeIgniter\Model->insert(Array, false)
#8 C:\xampp\htdocs\puntoventa\app\Controllers\Productos.php(62): CodeIgniter\BaseModel->save(Array)
#9 C:\xampp\htdocs\puntoventa\system\CodeIgniter.php(925): App\Controllers\Productos->insertar()
#10 C:\xampp\htdocs\puntoventa\system\CodeIgniter.php(480): CodeIgniter\CodeIgniter->runController(Object(App\Controllers\Productos))
#11 C:\xampp\htdocs\puntoventa\system\CodeIgniter.php(349): CodeIgniter\CodeIgniter->handleRequest(NULL, Object(Config\Cache), false)
#12 C:\xampp\htdocs\puntoventa\public\index.php(67): CodeIgniter\CodeIgniter->run()
#13 {main}
CRITICAL - 2023-01-09 18:45:29 --> Cannot add or update a child row: a foreign key constraint fails (`puntodeventa`.`productos_tb`, CONSTRAINT `fk_producto_unidad` FOREIGN KEY (`id_unidad`) REFERENCES `unidades_tb` (`id`))
in SYSTEMPATH\Database\MySQLi\Connection.php on line 292.
 1 SYSTEMPATH\Database\MySQLi\Connection.php(292): mysqli->query('INSERT INTO `productos_tb` (`nombre`, `precio_venta`, `precio_compra`, `stock_minimo`, `inventariable`, `fecha_alta`, `fecha_edit`) VALUES (\'co\', \'12\', \'1\', \'2\', \'1\', \'2023-01-09 18:45:29\', \'2023-01-09 18:45:29\')', 0)
 2 SYSTEMPATH\Database\BaseConnection.php(666): CodeIgniter\Database\MySQLi\Connection->execute('INSERT INTO `productos_tb` (`nombre`, `precio_venta`, `precio_compra`, `stock_minimo`, `inventariable`, `fecha_alta`, `fecha_edit`) VALUES (\'co\', \'12\', \'1\', \'2\', \'1\', \'2023-01-09 18:45:29\', \'2023-01-09 18:45:29\')')
 3 SYSTEMPATH\Database\BaseConnection.php(593): CodeIgniter\Database\BaseConnection->simpleQuery('INSERT INTO `productos_tb` (`nombre`, `precio_venta`, `precio_compra`, `stock_minimo`, `inventariable`, `fecha_alta`, `fecha_edit`) VALUES (\'co\', \'12\', \'1\', \'2\', \'1\', \'2023-01-09 18:45:29\', \'2023-01-09 18:45:29\')')
 4 SYSTEMPATH\Database\BaseBuilder.php(1916): CodeIgniter\Database\BaseConnection->query('INSERT INTO `productos_tb` (`nombre`, `precio_venta`, `precio_compra`, `stock_minimo`, `inventariable`, `fecha_alta`, `fecha_edit`) VALUES (:nombre:, :precio_venta:, :precio_compra:, :stock_minimo:, :inventariable:, :fecha_alta:, :fecha_edit:)', [...], false)
 5 SYSTEMPATH\Model.php(303): CodeIgniter\Database\BaseBuilder->insert()
 6 SYSTEMPATH\BaseModel.php(750): CodeIgniter\Model->doInsert([...])
 7 SYSTEMPATH\Model.php(695): CodeIgniter\BaseModel->insert([...], false)
 8 SYSTEMPATH\BaseModel.php(660): CodeIgniter\Model->insert([...], false)
 9 APPPATH\Controllers\Productos.php(62): CodeIgniter\BaseModel->save([...])
10 SYSTEMPATH\CodeIgniter.php(925): App\Controllers\Productos->insertar()
11 SYSTEMPATH\CodeIgniter.php(480): CodeIgniter\CodeIgniter->runController(Object(App\Controllers\Productos))
12 SYSTEMPATH\CodeIgniter.php(349): CodeIgniter\CodeIgniter->handleRequest(null, Object(Config\Cache), false)
13 FCPATH\index.php(67): CodeIgniter\CodeIgniter->run()
ERROR - 2023-01-09 18:46:24 --> mysqli_sql_exception: Cannot add or update a child row: a foreign key constraint fails (`puntodeventa`.`productos_tb`, CONSTRAINT `fk_producto_categoria` FOREIGN KEY (`id_categoria`) REFERENCES `categorias_tb` (`id`)) in C:\xampp\htdocs\puntoventa\system\Database\MySQLi\Connection.php:292
Stack trace:
#0 C:\xampp\htdocs\puntoventa\system\Database\MySQLi\Connection.php(292): mysqli->query('INSERT INTO `pr...', 0)
#1 C:\xampp\htdocs\puntoventa\system\Database\BaseConnection.php(666): CodeIgniter\Database\MySQLi\Connection->execute('INSERT INTO `pr...')
#2 C:\xampp\htdocs\puntoventa\system\Database\BaseConnection.php(593): CodeIgniter\Database\BaseConnection->simpleQuery('INSERT INTO `pr...')
#3 C:\xampp\htdocs\puntoventa\system\Database\BaseBuilder.php(1916): CodeIgniter\Database\BaseConnection->query('INSERT INTO `pr...', Array, false)
#4 C:\xampp\htdocs\puntoventa\system\Model.php(303): CodeIgniter\Database\BaseBuilder->insert()
#5 C:\xampp\htdocs\puntoventa\system\BaseModel.php(750): CodeIgniter\Model->doInsert(Array)
#6 C:\xampp\htdocs\puntoventa\system\Model.php(695): CodeIgniter\BaseModel->insert(Array, false)
#7 C:\xampp\htdocs\puntoventa\system\BaseModel.php(660): CodeIgniter\Model->insert(Array, false)
#8 C:\xampp\htdocs\puntoventa\app\Controllers\Productos.php(62): CodeIgniter\BaseModel->save(Array)
#9 C:\xampp\htdocs\puntoventa\system\CodeIgniter.php(925): App\Controllers\Productos->insertar()
#10 C:\xampp\htdocs\puntoventa\system\CodeIgniter.php(480): CodeIgniter\CodeIgniter->runController(Object(App\Controllers\Productos))
#11 C:\xampp\htdocs\puntoventa\system\CodeIgniter.php(349): CodeIgniter\CodeIgniter->handleRequest(NULL, Object(Config\Cache), false)
#12 C:\xampp\htdocs\puntoventa\public\index.php(67): CodeIgniter\CodeIgniter->run()
#13 {main}
CRITICAL - 2023-01-09 18:46:24 --> Cannot add or update a child row: a foreign key constraint fails (`puntodeventa`.`productos_tb`, CONSTRAINT `fk_producto_categoria` FOREIGN KEY (`id_categoria`) REFERENCES `categorias_tb` (`id`))
in SYSTEMPATH\Database\MySQLi\Connection.php on line 292.
 1 SYSTEMPATH\Database\MySQLi\Connection.php(292): mysqli->query('INSERT INTO `productos_tb` (`nombre`, `precio_venta`, `precio_compra`, `stock_minimo`, `inventariable`, `fecha_alta`, `fecha_edit`) VALUES (\'as\', \'123\', \'21\', \'1\', \'1\', \'2023-01-09 18:46:24\', \'2023-01-09 18:46:24\')', 0)
 2 SYSTEMPATH\Database\BaseConnection.php(666): CodeIgniter\Database\MySQLi\Connection->execute('INSERT INTO `productos_tb` (`nombre`, `precio_venta`, `precio_compra`, `stock_minimo`, `inventariable`, `fecha_alta`, `fecha_edit`) VALUES (\'as\', \'123\', \'21\', \'1\', \'1\', \'2023-01-09 18:46:24\', \'2023-01-09 18:46:24\')')
 3 SYSTEMPATH\Database\BaseConnection.php(593): CodeIgniter\Database\BaseConnection->simpleQuery('INSERT INTO `productos_tb` (`nombre`, `precio_venta`, `precio_compra`, `stock_minimo`, `inventariable`, `fecha_alta`, `fecha_edit`) VALUES (\'as\', \'123\', \'21\', \'1\', \'1\', \'2023-01-09 18:46:24\', \'2023-01-09 18:46:24\')')
 4 SYSTEMPATH\Database\BaseBuilder.php(1916): CodeIgniter\Database\BaseConnection->query('INSERT INTO `productos_tb` (`nombre`, `precio_venta`, `precio_compra`, `stock_minimo`, `inventariable`, `fecha_alta`, `fecha_edit`) VALUES (:nombre:, :precio_venta:, :precio_compra:, :stock_minimo:, :inventariable:, :fecha_alta:, :fecha_edit:)', [...], false)
 5 SYSTEMPATH\Model.php(303): CodeIgniter\Database\BaseBuilder->insert()
 6 SYSTEMPATH\BaseModel.php(750): CodeIgniter\Model->doInsert([...])
 7 SYSTEMPATH\Model.php(695): CodeIgniter\BaseModel->insert([...], false)
 8 SYSTEMPATH\BaseModel.php(660): CodeIgniter\Model->insert([...], false)
 9 APPPATH\Controllers\Productos.php(62): CodeIgniter\BaseModel->save([...])
10 SYSTEMPATH\CodeIgniter.php(925): App\Controllers\Productos->insertar()
11 SYSTEMPATH\CodeIgniter.php(480): CodeIgniter\CodeIgniter->runController(Object(App\Controllers\Productos))
12 SYSTEMPATH\CodeIgniter.php(349): CodeIgniter\CodeIgniter->handleRequest(null, Object(Config\Cache), false)
13 FCPATH\index.php(67): CodeIgniter\CodeIgniter->run()
CRITICAL - 2023-01-09 18:53:58 --> Undefined variable $unidad
in APPPATH\Views\productos\nuevo.php on line 31.
 1 APPPATH\Views\productos\nuevo.php(31): CodeIgniter\Debug\Exceptions->errorHandler(2, 'Undefined variable $unidad', 'APPPATH\\Views\\productos\\nuevo.php', 31)
 2 SYSTEMPATH\View\View.php(213): include('APPPATH\\Views\\productos\\nuevo.php')
 3 SYSTEMPATH\View\View.php(216): CodeIgniter\View\View->CodeIgniter\View\{closure}()
 4 SYSTEMPATH\Common.php(1135): CodeIgniter\View\View->render('productos/nuevo', [], true)
 5 APPPATH\Controllers\Productos.php(45): view('productos/nuevo', [...])
 6 SYSTEMPATH\CodeIgniter.php(925): App\Controllers\Productos->nuevo()
 7 SYSTEMPATH\CodeIgniter.php(480): CodeIgniter\CodeIgniter->runController(Object(App\Controllers\Productos))
 8 SYSTEMPATH\CodeIgniter.php(349): CodeIgniter\CodeIgniter->handleRequest(null, Object(Config\Cache), false)
 9 FCPATH\index.php(67): CodeIgniter\CodeIgniter->run()
CRITICAL - 2023-01-09 19:06:37 --> Undefined array key "nombre_corto"
in APPPATH\Views\productos\editar.php on line 19.
 1 APPPATH\Views\productos\editar.php(19): CodeIgniter\Debug\Exceptions->errorHandler(2, 'Undefined array key "nombre_corto"', 'APPPATH\\Views\\productos\\editar.php', 19)
 2 SYSTEMPATH\View\View.php(213): include('APPPATH\\Views\\productos\\editar.php')
 3 SYSTEMPATH\View\View.php(216): CodeIgniter\View\View->CodeIgniter\View\{closure}()
 4 SYSTEMPATH\Common.php(1135): CodeIgniter\View\View->render('productos/editar', [], true)
 5 APPPATH\Controllers\Productos.php(84): view('productos/editar', [...])
 6 SYSTEMPATH\CodeIgniter.php(925): App\Controllers\Productos->editar('1')
 7 SYSTEMPATH\CodeIgniter.php(480): CodeIgniter\CodeIgniter->runController(Object(App\Controllers\Productos))
 8 SYSTEMPATH\CodeIgniter.php(349): CodeIgniter\CodeIgniter->handleRequest(null, Object(Config\Cache), false)
 9 FCPATH\index.php(67): CodeIgniter\CodeIgniter->run()
CRITICAL - 2023-01-09 19:31:31 --> Undefined variable $categoria
in APPPATH\Views\productos\nuevo.php on line 37.
 1 APPPATH\Views\productos\nuevo.php(37): CodeIgniter\Debug\Exceptions->errorHandler(2, 'Undefined variable $categoria', 'APPPATH\\Views\\productos\\nuevo.php', 37)
 2 SYSTEMPATH\View\View.php(213): include('APPPATH\\Views\\productos\\nuevo.php')
 3 SYSTEMPATH\View\View.php(216): CodeIgniter\View\View->CodeIgniter\View\{closure}()
 4 SYSTEMPATH\Common.php(1135): CodeIgniter\View\View->render('productos/nuevo', [], true)
 5 APPPATH\Controllers\Productos.php(44): view('productos/nuevo', [...])
 6 SYSTEMPATH\CodeIgniter.php(925): App\Controllers\Productos->nuevo()
 7 SYSTEMPATH\CodeIgniter.php(480): CodeIgniter\CodeIgniter->runController(Object(App\Controllers\Productos))
 8 SYSTEMPATH\CodeIgniter.php(349): CodeIgniter\CodeIgniter->handleRequest(null, Object(Config\Cache), false)
 9 FCPATH\index.php(67): CodeIgniter\CodeIgniter->run()
CRITICAL - 2023-01-09 22:15:17 --> Undefined variable $datos
in APPPATH\Views\productos\editar.php on line 8.
 1 APPPATH\Views\productos\editar.php(8): CodeIgniter\Debug\Exceptions->errorHandler(2, 'Undefined variable $datos', 'APPPATH\\Views\\productos\\editar.php', 8)
 2 SYSTEMPATH\View\View.php(213): include('APPPATH\\Views\\productos\\editar.php')
 3 SYSTEMPATH\View\View.php(216): CodeIgniter\View\View->CodeIgniter\View\{closure}()
 4 SYSTEMPATH\Common.php(1135): CodeIgniter\View\View->render('productos/editar', [], true)
 5 APPPATH\Controllers\Productos.php(87): view('productos/editar', [...])
 6 SYSTEMPATH\CodeIgniter.php(925): App\Controllers\Productos->editar('1')
 7 SYSTEMPATH\CodeIgniter.php(480): CodeIgniter\CodeIgniter->runController(Object(App\Controllers\Productos))
 8 SYSTEMPATH\CodeIgniter.php(349): CodeIgniter\CodeIgniter->handleRequest(null, Object(Config\Cache), false)
 9 FCPATH\index.php(67): CodeIgniter\CodeIgniter->run()
CRITICAL - 2023-01-09 22:29:59 --> Unclosed '{' on line 34
in APPPATH\Views\productos\editar.php on line 91.
 1 SYSTEMPATH\View\View.php(216): CodeIgniter\View\View->CodeIgniter\View\{closure}()
 2 SYSTEMPATH\Common.php(1135): CodeIgniter\View\View->render('productos/editar', [], true)
 3 APPPATH\Controllers\Productos.php(87): view('productos/editar', [...])
 4 SYSTEMPATH\CodeIgniter.php(925): App\Controllers\Productos->editar('1')
 5 SYSTEMPATH\CodeIgniter.php(480): CodeIgniter\CodeIgniter->runController(Object(App\Controllers\Productos))
 6 SYSTEMPATH\CodeIgniter.php(349): CodeIgniter\CodeIgniter->handleRequest(null, Object(Config\Cache), false)
 7 FCPATH\index.php(67): CodeIgniter\CodeIgniter->run()
